Change Component Footprint: Designator=C2 Old Footprint=C_0402 New Footprint=C_0402_MOD1
Change Component Footprint: Designator=C3 Old Footprint=C_0402 New Footprint=C_0402_MOD1
Change Component Footprint: Designator=L6 Old Footprint=L_0402 New Footprint=L_0603
Change Component Comment: Designator=ANT1 Old Comment=2450AT42A100E New Comment=ANTENNA_JOHANSON_2450AT42A100_S
Change Component Comment: Designator=C4 Old Comment=CAPACITOR_NP New Comment=CAPACITOR NON-POL_C_0402_0R
Change Component Comment: Designator=C15 Old Comment=CAPACITOR_NP New Comment=CAPACITOR NON-POL_C_0402_1UF
Change Component Comment: Designator=C5 Old Comment=CAPACITOR_NP New Comment=CAPACITOR NON-POL_C_0402_10NF
Change Component Comment: Designator=C9 Old Comment=CAPACITOR_NP New Comment=CAPACITOR NON-POL_C_0402_33NF
Change Component Comment: Designator=C10 Old Comment=CAPACITOR_NP New Comment=CAPACITOR NON-POL_C_0402_33NF
Change Component Comment: Designator=C1 Old Comment=CAPACITOR_NP New Comment=CAPACITOR NON-POL_C_0402_100PF
Change Component Comment: Designator=C11 Old Comment=CAPACITOR_NP New Comment=CAPACITOR NON-POL_C_0402_220NF
Change Component Comment: Designator=C12 Old Comment=CAPACITOR_NP New Comment=CAPACITOR NON-POL_C_0402_220NF
Change Component Comment: Designator=C16 Old Comment=CAPACITOR_NP New Comment=CAPACITOR NON-POL_C_0402_220NF
Change Component Comment: Designator=C17 Old Comment=CAPACITOR_NP New Comment=CAPACITOR NON-POL_C_0402_220NF
Change Component Comment: Designator=C18 Old Comment=CAPACITOR_NP New Comment=CAPACITOR NON-POL_C_0402_220NF
Change Component Comment: Designator=C6 Old Comment=CAPACITOR_NP New Comment=CAPACITOR NON-POL_C_0402_DNI
Change Component Comment: Designator=C7 Old Comment=CAPACITOR_NP New Comment=CAPACITOR NON-POL_C_0402_DNI
Change Component Comment: Designator=C8 Old Comment=CAPACITOR_NP New Comment=CAPACITOR NON-POL_C_0402_DNI
Change Component Comment: Designator=C13 Old Comment=CAPACITOR_NP New Comment=CAPACITOR NON-POL_C_0402_DNI
Change Component Comment: Designator=C14 Old Comment=CAPACITOR_NP New Comment=CAPACITOR NON-POL_C_0402_DNI
Change Component Comment: Designator=C3 Old Comment=CAPACITOR_NP New Comment=CAPACITOR NON-POL_C_0402_MOD1_1
Change Component Comment: Designator=C2 Old Comment=CAPACITOR_NP New Comment=CAPACITOR NON-POL_C_0402_MOD1_D
Change Component Comment: Designator=J2 Old Comment=CONN_1_27mm_pitch_pin_1_11 New Comment=CONN_1_27MM_PITCH_PIN_1_11_11X1
Change Component Comment: Designator=J4 Old Comment=CONN_1_27mm_pitch_pin_12_18 New Comment=CONN_1_27MM_PITCH_PIN_12_18_7X1
Change Component Comment: Designator=J3 Old Comment=CONN_1_27mm_pitch_pin_19_29 New Comment=CONN_1_27MM_PITCH_PIN_19_29_11X
Change Component Comment: Designator=J1 Old Comment=CONN_UFL New Comment=UFL_UFL_SMD_UFL
Change Component Comment: Designator=L2 Old Comment=INDUCTOR New Comment=INDUCTOR_L_0402_0R
Change Component Comment: Designator=L3 Old Comment=INDUCTOR New Comment=INDUCTOR_L_0402_0R
Change Component Comment: Designator=L1 Old Comment=INDUCTOR New Comment=INDUCTOR_L_0402_5.6NH
Change Component Comment: Designator=L4 Old Comment=INDUCTOR New Comment=INDUCTOR_L_0402_DNI
Change Component Comment: Designator=L5 Old Comment=INDUCTOR New Comment=INDUCTOR_L_0402_DNI
Change Component Comment: Designator=L6 Old Comment=INDUCTOR New Comment=INDUCTOR_L_0603_22UH
Change Component Comment: Designator=U1 Old Comment=NCS36510 New Comment=NCS36510_NCS36510_NCS36510
Change Component Comment: Designator=S1 Old Comment=SHIELD New Comment=CON1_LAKOTA_SHIELD_SHIELD
Change Component Comment: Designator=TP1 Old Comment=TESTPOINT New Comment=CON1_TP-30C12_CON1
Change Component Comment: Designator=Y1 Old Comment=XTAL New Comment=CRYSTAL2/SM_HOSONIC_ETDG_20X12_
Change Component Comment: Designator=Y2 Old Comment=XTAL_4pin New Comment=CRYSTAL4/SM_HOSONIC_2SB_250X200
Change Component Designator: OldDesignator=Y1 NewDesignator=X1
Change Component Designator: OldDesignator=Y2 NewDesignator=X2
Add Pin To Net: Pin=U1-14 Old Net=DJIO0 New Net=DIO0
Change Pin Designator/Name:  Old Designator=C1-1 Old Name=1 New Designator =2 New Name=2
Change Pin Designator/Name:  Old Designator=C1-2 Old Name=2 New Designator =1 New Name=1
Change Pin Designator/Name:  Old Designator=C5-1 Old Name=1 New Designator =2 New Name=2
Change Pin Designator/Name:  Old Designator=C5-2 Old Name=2 New Designator =1 New Name=1
Change Pin Designator/Name:  Old Designator=C9-1 Old Name=1 New Designator =2 New Name=2
Change Pin Designator/Name:  Old Designator=C9-2 Old Name=2 New Designator =1 New Name=1
Change Pin Designator/Name:  Old Designator=C10-1 Old Name=1 New Designator =2 New Name=2
Change Pin Designator/Name:  Old Designator=C10-2 Old Name=2 New Designator =1 New Name=1
Change Pin Designator/Name:  Old Designator=C11-1 Old Name=1 New Designator =2 New Name=2
Change Pin Designator/Name:  Old Designator=C11-2 Old Name=2 New Designator =1 New Name=1
Change Pin Designator/Name:  Old Designator=C12-1 Old Name=1 New Designator =2 New Name=2
Change Pin Designator/Name:  Old Designator=C12-2 Old Name=2 New Designator =1 New Name=1
Change Pin Designator/Name:  Old Designator=C13-1 Old Name=1 New Designator =2 New Name=2
Change Pin Designator/Name:  Old Designator=C13-2 Old Name=2 New Designator =1 New Name=1
Change Pin Designator/Name:  Old Designator=C14-1 Old Name=1 New Designator =2 New Name=2
Change Pin Designator/Name:  Old Designator=C14-2 Old Name=2 New Designator =1 New Name=1
Change Pin Designator/Name:  Old Designator=C15-1 Old Name=1 New Designator =2 New Name=2
Change Pin Designator/Name:  Old Designator=C15-2 Old Name=2 New Designator =1 New Name=1
Change Pin Designator/Name:  Old Designator=C16-1 Old Name=1 New Designator =2 New Name=2
Change Pin Designator/Name:  Old Designator=C16-2 Old Name=2 New Designator =1 New Name=1
Change Pin Designator/Name:  Old Designator=C17-1 Old Name=1 New Designator =2 New Name=2
Change Pin Designator/Name:  Old Designator=C17-2 Old Name=2 New Designator =1 New Name=1
Change Pin Designator/Name:  Old Designator=C18-1 Old Name=1 New Designator =2 New Name=2
Change Pin Designator/Name:  Old Designator=C18-2 Old Name=2 New Designator =1 New Name=1
